Feature: Get Candlestick Data from Crypto.com Exchange # features/get_candlestick.feature:1

  Scenario Outline: Valid candlestick data retrieval -- @1.1   # features/get_candlestick.feature:12
    Given the instrument name is "BTCUSD-PERP"                 # features/steps/candlestick_steps.py:8
    And the timeframe is "1m"                                  # features/steps/candlestick_steps.py:12
    When I call the public/get-candlestick endpoint            # features/steps/candlestick_steps.py:16
    Then the response code should be 0                         # features/steps/candlestick_steps.py:25
    And the response should contain candlestick data           # features/steps/candlestick_steps.py:30

  Scenario Outline: Valid candlestick data retrieval -- @1.2   # features/get_candlestick.feature:13
    Given the instrument name is "ETHUSD-PERP"                 # features/steps/candlestick_steps.py:8
    And the timeframe is "1h"                                  # features/steps/candlestick_steps.py:12
    When I call the public/get-candlestick endpoint            # features/steps/candlestick_steps.py:16
    Then the response code should be 0                         # features/steps/candlestick_steps.py:25
    And the response should contain candlestick data           # features/steps/candlestick_steps.py:30

  Scenario Outline: Valid candlestick data retrieval -- @1.3   # features/get_candlestick.feature:14
    Given the instrument name is "BTC_USDT"                    # features/steps/candlestick_steps.py:8
    And the timeframe is "1D"                                  # features/steps/candlestick_steps.py:12
    When I call the public/get-candlestick endpoint            # features/steps/candlestick_steps.py:16
    Then the response code should be 0                         # features/steps/candlestick_steps.py:25
    And the response should contain candlestick data           # features/steps/candlestick_steps.py:30

  Scenario: Missing instrument name                 # features/get_candlestick.feature:16
    Given the instrument name is "xxx"              # features/steps/candlestick_steps.py:8
    And the timeframe is "M5"                       # features/steps/candlestick_steps.py:12
    When I call the public/get-candlestick endpoint # features/steps/candlestick_steps.py:16
    Then the response code should not be 0          # features/steps/candlestick_steps.py:35

  Scenario: Invalid timeframe                       # features/get_candlestick.feature:22
    Given the instrument name is "BTCUSD-PERP"      # features/steps/candlestick_steps.py:8
    And the timeframe is "Z9"                       # features/steps/candlestick_steps.py:12
    When I call the public/get-candlestick endpoint # features/steps/candlestick_steps.py:16
    Then the response code should not be 0          # features/steps/candlestick_steps.py:35

